<?xml version="1.0" encoding="UTF-8"?>
<!-- Generated by org.testng.reporters.JUnitXMLReporter -->
<testsuite ignored="0" hostname="IN2-1018546LT1" failures="0" tests="4" name="Default test" time="0.442" errors="0" timestamp="11 Nov 2018 13:44:34 GMT">
  <testcase classname="utils.TestUtil" name="printuseridpassord" time="0.006"/>
  <testcase classname="utils.TestUtil" name="printuseridpassord" time="0.001"/>
  <testcase classname="utils.TestUtil" name="printuseridpassord" time="0.001"/>
  <testcase classname="utils.TestUtil" name="printuseridpassord" time="0.0"/>
</testsuite> <!-- Default test -->
