<?xml version="1.0" encoding="UTF-8"?>
<!-- Generated by org.testng.reporters.JUnitXMLReporter -->
<testsuite ignored="0" hostname="ANUMANTHU-PC" failures="0" tests="5" name="Test" time="0.094" errors="0" timestamp="31 Jul 2018 15:59:46 GMT">
  <testcase classname="academy.HomePage" name="@BeforeMethod openUrl" time="0.036">
    <failure type="java.lang.NoClassDefFoundError" message="org/openqa/selenium/chrome/ChromeDriver">
      <![CDATA[java.lang.NoClassDefFoundError: org/openqa/selenium/chrome/ChromeDriver
at resources.Base.initializeDriver(Base.java:45)
at academy.HomePage.openUrl(HomePage.java:26)
Caused by: java.lang.ClassNotFoundException: org.openqa.selenium.chrome.ChromeDriver
at java.base/jdk.internal.loader.BuiltinClassLoader.loadClass(BuiltinClassLoader.java:582)
at java.base/jdk.internal.loader.ClassLoaders$AppClassLoader.loadClass(ClassLoaders.java:190)
at java.base/java.lang.ClassLoader.loadClass(ClassLoader.java:499)
... 34 more
... Removed 32 stack frames]]>
    </failure>
  </testcase> <!-- @BeforeMethod openUrl -->
  <testcase classname="academy.HomePage" name="@AfterMethod closeBrowser" time="0.0">
    <skipped/>
  </testcase> <!-- @AfterMethod closeBrowser -->
  <testcase classname="academy.HomePage" name="@BeforeMethod openUrl" time="0.0">
    <skipped/>
  </testcase> <!-- @BeforeMethod openUrl -->
  <testcase classname="academy.HomePage" name="@AfterMethod closeBrowser" time="0.0">
    <skipped/>
  </testcase> <!-- @AfterMethod closeBrowser -->
  <testcase classname="academy.HomePage" name="@BeforeMethod openUrl" time="0.0">
    <skipped/>
  </testcase> <!-- @BeforeMethod openUrl -->
  <testcase classname="academy.HomePage" name="@AfterMethod closeBrowser" time="0.0">
    <skipped/>
  </testcase> <!-- @AfterMethod closeBrowser -->
  <testcase classname="academy.AssertionTestCase" name="@BeforeMethod openUrl" time="0.001">
    <failure type="java.lang.NoClassDefFoundError" message="org/openqa/selenium/chrome/ChromeDriver">
      <![CDATA[java.lang.NoClassDefFoundError: org/openqa/selenium/chrome/ChromeDriver
at resources.Base.initializeDriver(Base.java:45)
at academy.AssertionTestCase.openUrl(AssertionTestCase.java:26)
... Removed 32 stack frames]]>
    </failure>
  </testcase> <!-- @BeforeMethod openUrl -->
  <testcase classname="academy.AssertionTestCase" name="@AfterMethod closeBrowser" time="0.0">
    <skipped/>
  </testcase> <!-- @AfterMethod closeBrowser -->
  <testcase classname="academy.ValaidateNavigationBar" name="@BeforeMethod openUrl" time="0.0">
    <failure type="java.lang.NoClassDefFoundError" message="org/openqa/selenium/chrome/ChromeDriver">
      <![CDATA[java.lang.NoClassDefFoundError: org/openqa/selenium/chrome/ChromeDriver
at resources.Base.initializeDriver(Base.java:45)
at academy.ValaidateNavigationBar.openUrl(ValaidateNavigationBar.java:24)
... Removed 32 stack frames]]>
    </failure>
  </testcase> <!-- @BeforeMethod openUrl -->
  <testcase classname="academy.ValaidateNavigationBar" name="@AfterMethod closeBrowser" time="0.0">
    <skipped/>
  </testcase> <!-- @AfterMethod closeBrowser -->
  <testcase classname="academy.HomePage" name="initialize" time="0.0">
    <skipped/>
  </testcase> <!-- initialize -->
  <testcase classname="academy.HomePage" name="initialize" time="0.0">
    <skipped/>
  </testcase> <!-- initialize -->
  <testcase classname="academy.HomePage" name="initialize" time="0.0">
    <skipped/>
  </testcase> <!-- initialize -->
  <testcase classname="academy.AssertionTestCase" name="basePageNavigation" time="0.0">
    <skipped/>
  </testcase> <!-- basePageNavigation -->
  <testcase classname="academy.ValaidateNavigationBar" name="validateNavBar" time="0.0">
    <skipped/>
  </testcase> <!-- validateNavBar -->
</testsuite> <!-- Test -->
