<?xml version="1.0" encoding="UTF-8"?>
<testng-results total="2" passed="2" failed="0" skipped="0">
  <reporter-output>
  </reporter-output>
  <suite started-at="2018-11-03T07:17:59Z" name="Suite" finished-at="2018-11-03T07:21:09Z" duration-ms="190302">
    <groups>
    </groups>
    <test started-at="2018-11-03T07:17:59Z" name="FacebookFriends" finished-at="2018-11-03T07:21:09Z" duration-ms="190302">
      <class name="academy.FaceBookPrintFriends">
        <test-method is-config="true" signature="openUrl1()[pri:0, instance:academy.FaceBookPrintFriends@62163b39]" started-at="2018-11-03T12:47:59Z" name="openUrl1" finished-at="2018-11-03T12:48:04Z" duration-ms="4996" status="PASS">
          <reporter-output>
          </reporter-output>
        </test-method> <!-- openUrl1 -->
        <test-method signature="login(java.lang.String, java.lang.String)[pri:0, instance:academy.FaceBookPrintFriends@62163b39]" started-at="2018-11-03T12:48:04Z" name="login" finished-at="2018-11-03T12:48:16Z" duration-ms="12453" status="PASS">
          <params>
            <param index="0">
              <value>
                <![CDATA[anumanthunitt@gmail.com]]>
              </value>
            </param>
            <param index="1">
              <value>
                <![CDATA[sandhya.143]]>
              </value>
            </param>
          </params>
          <reporter-output>
          </reporter-output>
        </test-method> <!-- login -->
        <test-method is-config="true" signature="tearDown()[pri:0, instance:academy.FaceBookPrintFriends@62163b39]" started-at="2018-11-03T12:48:16Z" name="tearDown" finished-at="2018-11-03T12:48:17Z" duration-ms="277" status="PASS">
          <reporter-output>
          </reporter-output>
        </test-method> <!-- tearDown -->
        <test-method is-config="true" signature="openUrl1()[pri:0, instance:academy.FaceBookPrintFriends@62163b39]" started-at="2018-11-03T12:48:17Z" name="openUrl1" finished-at="2018-11-03T12:48:21Z" duration-ms="4686" status="PASS">
          <reporter-output>
          </reporter-output>
        </test-method> <!-- openUrl1 -->
        <test-method signature="printFriendsList(java.lang.String, java.lang.String)[pri:0, instance:academy.FaceBookPrintFriends@62163b39]" started-at="2018-11-03T12:48:21Z" name="printFriendsList" finished-at="2018-11-03T12:51:07Z" duration-ms="165788" status="PASS">
          <params>
            <param index="0">
              <value>
                <![CDATA[anumanthunitt@gmail.com]]>
              </value>
            </param>
            <param index="1">
              <value>
                <![CDATA[sandhya.143]]>
              </value>
            </param>
          </params>
          <reporter-output>
          </reporter-output>
        </test-method> <!-- printFriendsList -->
        <test-method is-config="true" signature="tearDown()[pri:0, instance:academy.FaceBookPrintFriends@62163b39]" started-at="2018-11-03T12:51:07Z" name="tearDown" finished-at="2018-11-03T12:51:09Z" duration-ms="2093" status="PASS">
          <reporter-output>
          </reporter-output>
        </test-method> <!-- tearDown -->
      </class> <!-- academy.FaceBookPrintFriends -->
    </test> <!-- FacebookFriends -->
  </suite> <!-- Suite -->
</testng-results>
