<?xml version="1.0" encoding="UTF-8"?>
<testsuite xmlns:xsi="http://www.w3.org/2001/XMLSchema-instance" xsi:noNamespaceSchemaLocation="https://maven.apache.org/surefire/maven-surefire-plugin/xsd/surefire-test-report.xsd" name="TestSuite" time="3.674" tests="15" errors="0" skipped="12" failures="3">
  <properties>
[...]
</properties>
  <testcase name="openUrl" classname="academy.HomePage" time="3.347">
    <failure message="org/openqa/selenium/chrome/ChromeDriver" type="java.lang.NoClassDefFoundError">java.lang.NoClassDefFoundError: org/openqa/selenium/chrome/ChromeDriver
	at academy.HomePage.openUrl(HomePage.java:26)
Caused by: java.lang.ClassNotFoundException: org.openqa.selenium.chrome.ChromeDriver
	at academy.HomePage.openUrl(HomePage.java:26)
</failure>
  </testcase>
  <testcase name="openUrl" classname="academy.HomePage" time="0">
    <skipped/>
  </testcase>
  <testcase name="openUrl" classname="academy.HomePage" time="0">
    <skipped/>
  </testcase>
  <testcase name="initialize" classname="academy.HomePage" time="0">
    <skipped message="org/openqa/selenium/chrome/ChromeDriver"/>
  </testcase>
  <testcase name="initialize" classname="academy.HomePage" time="0">
    <skipped message="org/openqa/selenium/chrome/ChromeDriver"/>
  </testcase>
  <testcase name="initialize" classname="academy.HomePage" time="0">
    <skipped message="org/openqa/selenium/chrome/ChromeDriver"/>
  </testcase>
  <testcase name="closeBrowser" classname="academy.HomePage" time="0">
    <skipped/>
  </testcase>
  <testcase name="closeBrowser" classname="academy.HomePage" time="0">
    <skipped/>
  </testcase>
  <testcase name="closeBrowser" classname="academy.HomePage" time="0">
    <skipped/>
  </testcase>
  <testcase name="openUrl" classname="academy.AssertionTestCase" time="3.349">
    <failure message="org/openqa/selenium/chrome/ChromeDriver" type="java.lang.NoClassDefFoundError">java.lang.NoClassDefFoundError: org/openqa/selenium/chrome/ChromeDriver
	at academy.AssertionTestCase.openUrl(AssertionTestCase.java:26)
</failure>
  </testcase>
  <testcase name="basePageNavigation" classname="academy.AssertionTestCase" time="0">
    <skipped message="org/openqa/selenium/chrome/ChromeDriver"/>
  </testcase>
  <testcase name="closeBrowser" classname="academy.AssertionTestCase" time="0">
    <skipped/>
  </testcase>
  <testcase name="openUrl" classname="academy.ValaidateNavigationBar" time="3.351">
    <failure message="org/openqa/selenium/chrome/ChromeDriver" type="java.lang.NoClassDefFoundError">java.lang.NoClassDefFoundError: org/openqa/selenium/chrome/ChromeDriver
	at academy.ValaidateNavigationBar.openUrl(ValaidateNavigationBar.java:24)
</failure>
  </testcase>
  <testcase name="validateNavBar" classname="academy.ValaidateNavigationBar" time="0">
    <skipped message="org/openqa/selenium/chrome/ChromeDriver"/>
  </testcase>
  <testcase name="closeBrowser" classname="academy.ValaidateNavigationBar" time="0">
    <skipped/>
  </testcase>
</testsuite>