<?xml version="1.0" encoding="UTF-8"?>
<testsuite xmlns:xsi="http://www.w3.org/2001/XMLSchema-instance" xsi:noNamespaceSchemaLocation="https://maven.apache.org/surefire/maven-surefire-plugin/xsd/surefire-test-report.xsd" name="TestSuite" time="199.927" tests="5" errors="0" skipped="0" failures="4">
  <properties>
[...]
</properties>
  <testcase name="initialize" classname="academy.HomePage" time="20.259">
    <failure message="timeout&#10;  (Session info: chrome=68.0.3440.106)&#10;  (Driver info: chromedriver=2.38.552522 (437e6fbedfa8762dec75e2c5b3ddb86763dc9dcb),platform=Windows NT 6.1.7601 SP1 x86_64) (WARNING: The server did not provide any stacktrace information)&#10;Command duration or timeout: 15.13 seconds&#10;Build info: version: &apos;3.4.0&apos;, revision: &apos;unknown&apos;, time: &apos;unknown&apos;&#10;System info: host: &apos;ANUMANTHU-PC&apos;, ip: &apos;192.168.1.3&apos;, os.name: &apos;Windows 7&apos;, os.arch: &apos;amd64&apos;, os.version: &apos;6.1&apos;, java.version: &apos;10.0.1&apos;&#10;Driver info: org.openqa.selenium.chrome.ChromeDriver&#10;Capabilities [{applicationCacheEnabled=false, rotatable=false, mobileEmulationEnabled=false, networkConnectionEnabled=false, chrome={chromedriverVersion=2.38.552522 (437e6fbedfa8762dec75e2c5b3ddb86763dc9dcb), userDataDir=C:\Users\ANUMAN~1\AppData\Local\Temp\scoped_dir7328_18569}, takesHeapSnapshot=true, pageLoadStrategy=normal, databaseEnabled=false, handlesAlerts=true, hasTouchScreen=false, version=68.0.3440.106, platform=XP, browserConnectionEnabled=false, nativeEvents=true, acceptSslCerts=false, acceptInsecureCerts=false, locationContextEnabled=true, webStorageEnabled=true, browserName=chrome, takesScreenshot=true, javascriptEnabled=true, cssSelectorsEnabled=true, setWindowRect=true, unexpectedAlertBehaviour=}]&#10;Session ID: 16f35fd5f8b7c34b95f49f7c4c7aae87" type="org.openqa.selenium.TimeoutException">org.openqa.selenium.TimeoutException: 
timeout
  (Session info: chrome=68.0.3440.106)
  (Driver info: chromedriver=2.38.552522 (437e6fbedfa8762dec75e2c5b3ddb86763dc9dcb),platform=Windows NT 6.1.7601 SP1 x86_64) (WARNING: The server did not provide any stacktrace information)
Command duration or timeout: 15.13 seconds
Build info: version: '3.4.0', revision: 'unknown', time: 'unknown'
System info: host: 'ANUMANTHU-PC', ip: '192.168.1.3', os.name: 'Windows 7', os.arch: 'amd64', os.version: '6.1', java.version: '10.0.1'
Driver info: org.openqa.selenium.chrome.ChromeDriver
Capabilities [{applicationCacheEnabled=false, rotatable=false, mobileEmulationEnabled=false, networkConnectionEnabled=false, chrome={chromedriverVersion=2.38.552522 (437e6fbedfa8762dec75e2c5b3ddb86763dc9dcb), userDataDir=C:\Users\ANUMAN~1\AppData\Local\Temp\scoped_dir7328_18569}, takesHeapSnapshot=true, pageLoadStrategy=normal, databaseEnabled=false, handlesAlerts=true, hasTouchScreen=false, version=68.0.3440.106, platform=XP, browserConnectionEnabled=false, nativeEvents=true, acceptSslCerts=false, acceptInsecureCerts=false, locationContextEnabled=true, webStorageEnabled=true, browserName=chrome, takesScreenshot=true, javascriptEnabled=true, cssSelectorsEnabled=true, setWindowRect=true, unexpectedAlertBehaviour=}]
Session ID: 16f35fd5f8b7c34b95f49f7c4c7aae87
	at academy.HomePage.initialize(HomePage.java:50)
</failure>
    <system-out><![CDATA[Driver name    ChromeDriver: chrome on XP (16f35fd5f8b7c34b95f49f7c4c7aae87)
]]></system-out>
    <system-err><![CDATA[Starting ChromeDriver 2.38.552522 (437e6fbedfa8762dec75e2c5b3ddb86763dc9dcb) on port 6473
Only local connections are allowed.
Aug 23, 2018 9:13:33 PM org.openqa.selenium.remote.ProtocolHandshake createSession
INFO: Detected dialect: OSS
[1535039052.854][SEVERE]: Timed out receiving message from renderer: 15.000
[1535039052.862][SEVERE]: Timed out receiving message from renderer: -0.008
]]></system-err>
  </testcase>
  <testcase name="initialize" classname="academy.HomePage" time="20.243">
    <failure message="timeout&#10;  (Session info: chrome=68.0.3440.106)&#10;  (Driver info: chromedriver=2.38.552522 (437e6fbedfa8762dec75e2c5b3ddb86763dc9dcb),platform=Windows NT 6.1.7601 SP1 x86_64) (WARNING: The server did not provide any stacktrace information)&#10;Command duration or timeout: 15.14 seconds&#10;Build info: version: &apos;3.4.0&apos;, revision: &apos;unknown&apos;, time: &apos;unknown&apos;&#10;System info: host: &apos;ANUMANTHU-PC&apos;, ip: &apos;192.168.1.3&apos;, os.name: &apos;Windows 7&apos;, os.arch: &apos;amd64&apos;, os.version: &apos;6.1&apos;, java.version: &apos;10.0.1&apos;&#10;Driver info: org.openqa.selenium.chrome.ChromeDriver&#10;Capabilities [{applicationCacheEnabled=false, rotatable=false, mobileEmulationEnabled=false, networkConnectionEnabled=false, chrome={chromedriverVersion=2.38.552522 (437e6fbedfa8762dec75e2c5b3ddb86763dc9dcb), userDataDir=C:\Users\ANUMAN~1\AppData\Local\Temp\scoped_dir4720_8298}, takesHeapSnapshot=true, pageLoadStrategy=normal, databaseEnabled=false, handlesAlerts=true, hasTouchScreen=false, version=68.0.3440.106, platform=XP, browserConnectionEnabled=false, nativeEvents=true, acceptSslCerts=false, acceptInsecureCerts=false, locationContextEnabled=true, webStorageEnabled=true, browserName=chrome, takesScreenshot=true, javascriptEnabled=true, cssSelectorsEnabled=true, setWindowRect=true, unexpectedAlertBehaviour=}]&#10;Session ID: d2526bf81449614b104e6225d2a5976b" type="org.openqa.selenium.TimeoutException">org.openqa.selenium.TimeoutException: 
timeout
  (Session info: chrome=68.0.3440.106)
  (Driver info: chromedriver=2.38.552522 (437e6fbedfa8762dec75e2c5b3ddb86763dc9dcb),platform=Windows NT 6.1.7601 SP1 x86_64) (WARNING: The server did not provide any stacktrace information)
Command duration or timeout: 15.14 seconds
Build info: version: '3.4.0', revision: 'unknown', time: 'unknown'
System info: host: 'ANUMANTHU-PC', ip: '192.168.1.3', os.name: 'Windows 7', os.arch: 'amd64', os.version: '6.1', java.version: '10.0.1'
Driver info: org.openqa.selenium.chrome.ChromeDriver
Capabilities [{applicationCacheEnabled=false, rotatable=false, mobileEmulationEnabled=false, networkConnectionEnabled=false, chrome={chromedriverVersion=2.38.552522 (437e6fbedfa8762dec75e2c5b3ddb86763dc9dcb), userDataDir=C:\Users\ANUMAN~1\AppData\Local\Temp\scoped_dir4720_8298}, takesHeapSnapshot=true, pageLoadStrategy=normal, databaseEnabled=false, handlesAlerts=true, hasTouchScreen=false, version=68.0.3440.106, platform=XP, browserConnectionEnabled=false, nativeEvents=true, acceptSslCerts=false, acceptInsecureCerts=false, locationContextEnabled=true, webStorageEnabled=true, browserName=chrome, takesScreenshot=true, javascriptEnabled=true, cssSelectorsEnabled=true, setWindowRect=true, unexpectedAlertBehaviour=}]
Session ID: d2526bf81449614b104e6225d2a5976b
	at academy.HomePage.initialize(HomePage.java:50)
</failure>
    <system-out><![CDATA[Driver name    ChromeDriver: chrome on XP (d2526bf81449614b104e6225d2a5976b)
]]></system-out>
    <system-err><![CDATA[Starting ChromeDriver 2.38.552522 (437e6fbedfa8762dec75e2c5b3ddb86763dc9dcb) on port 48451
Only local connections are allowed.
Aug 23, 2018 9:14:16 PM org.openqa.selenium.remote.ProtocolHandshake createSession
INFO: Detected dialect: OSS
[1535039094.578][SEVERE]: Timed out receiving message from renderer: 15.000
[1535039094.591][SEVERE]: Timed out receiving message from renderer: -0.014
]]></system-err>
  </testcase>
  <testcase name="initialize" classname="academy.HomePage" time="20.156">
    <failure message="timeout&#10;  (Session info: chrome=68.0.3440.106)&#10;  (Driver info: chromedriver=2.38.552522 (437e6fbedfa8762dec75e2c5b3ddb86763dc9dcb),platform=Windows NT 6.1.7601 SP1 x86_64) (WARNING: The server did not provide any stacktrace information)&#10;Command duration or timeout: 15.09 seconds&#10;Build info: version: &apos;3.4.0&apos;, revision: &apos;unknown&apos;, time: &apos;unknown&apos;&#10;System info: host: &apos;ANUMANTHU-PC&apos;, ip: &apos;192.168.1.3&apos;, os.name: &apos;Windows 7&apos;, os.arch: &apos;amd64&apos;, os.version: &apos;6.1&apos;, java.version: &apos;10.0.1&apos;&#10;Driver info: org.openqa.selenium.chrome.ChromeDriver&#10;Capabilities [{applicationCacheEnabled=false, rotatable=false, mobileEmulationEnabled=false, networkConnectionEnabled=false, chrome={chromedriverVersion=2.38.552522 (437e6fbedfa8762dec75e2c5b3ddb86763dc9dcb), userDataDir=C:\Users\ANUMAN~1\AppData\Local\Temp\scoped_dir7184_25388}, takesHeapSnapshot=true, pageLoadStrategy=normal, databaseEnabled=false, handlesAlerts=true, hasTouchScreen=false, version=68.0.3440.106, platform=XP, browserConnectionEnabled=false, nativeEvents=true, acceptSslCerts=false, acceptInsecureCerts=false, locationContextEnabled=true, webStorageEnabled=true, browserName=chrome, takesScreenshot=true, javascriptEnabled=true, cssSelectorsEnabled=true, setWindowRect=true, unexpectedAlertBehaviour=}]&#10;Session ID: 4b3d8decaa0e6f7b442fab145b008967" type="org.openqa.selenium.TimeoutException">org.openqa.selenium.TimeoutException: 
timeout
  (Session info: chrome=68.0.3440.106)
  (Driver info: chromedriver=2.38.552522 (437e6fbedfa8762dec75e2c5b3ddb86763dc9dcb),platform=Windows NT 6.1.7601 SP1 x86_64) (WARNING: The server did not provide any stacktrace information)
Command duration or timeout: 15.09 seconds
Build info: version: '3.4.0', revision: 'unknown', time: 'unknown'
System info: host: 'ANUMANTHU-PC', ip: '192.168.1.3', os.name: 'Windows 7', os.arch: 'amd64', os.version: '6.1', java.version: '10.0.1'
Driver info: org.openqa.selenium.chrome.ChromeDriver
Capabilities [{applicationCacheEnabled=false, rotatable=false, mobileEmulationEnabled=false, networkConnectionEnabled=false, chrome={chromedriverVersion=2.38.552522 (437e6fbedfa8762dec75e2c5b3ddb86763dc9dcb), userDataDir=C:\Users\ANUMAN~1\AppData\Local\Temp\scoped_dir7184_25388}, takesHeapSnapshot=true, pageLoadStrategy=normal, databaseEnabled=false, handlesAlerts=true, hasTouchScreen=false, version=68.0.3440.106, platform=XP, browserConnectionEnabled=false, nativeEvents=true, acceptSslCerts=false, acceptInsecureCerts=false, locationContextEnabled=true, webStorageEnabled=true, browserName=chrome, takesScreenshot=true, javascriptEnabled=true, cssSelectorsEnabled=true, setWindowRect=true, unexpectedAlertBehaviour=}]
Session ID: 4b3d8decaa0e6f7b442fab145b008967
	at academy.HomePage.initialize(HomePage.java:50)
</failure>
    <system-out><![CDATA[Driver name    ChromeDriver: chrome on XP (4b3d8decaa0e6f7b442fab145b008967)
]]></system-out>
    <system-err><![CDATA[Starting ChromeDriver 2.38.552522 (437e6fbedfa8762dec75e2c5b3ddb86763dc9dcb) on port 33557
Only local connections are allowed.
Aug 23, 2018 9:14:59 PM org.openqa.selenium.remote.ProtocolHandshake createSession
INFO: Detected dialect: OSS
[1535039138.370][SEVERE]: Timed out receiving message from renderer: 15.000
[1535039138.374][SEVERE]: Timed out receiving message from renderer: -0.004
]]></system-err>
  </testcase>
  <testcase name="basePageNavigation" classname="academy.AssertionTestCase" time="10.077"/>
  <testcase name="validateNavBar" classname="academy.ValaidateNavigationBar" time="11.475">
    <failure message="expected [true] but found [false]" type="java.lang.AssertionError">java.lang.AssertionError: expected [true] but found [false]
	at academy.ValaidateNavigationBar.validateNavBar(ValaidateNavigationBar.java:43)
</failure>
    <system-out><![CDATA[Driver name    ChromeDriver: chrome on XP (1a4272e11f7f246b07d8d173bb1e13d1)
]]></system-out>
    <system-err><![CDATA[Starting ChromeDriver 2.38.552522 (437e6fbedfa8762dec75e2c5b3ddb86763dc9dcb) on port 32721
Only local connections are allowed.
Aug 23, 2018 9:16:16 PM org.openqa.selenium.remote.ProtocolHandshake createSession
INFO: Detected dialect: OSS
]]></system-err>
  </testcase>
</testsuite>