<?xml version="1.0" encoding="UTF-8"?>
<testng-results ignored="2" total="4" passed="1" failed="1" skipped="0">
  <reporter-output>
  </reporter-output>
  <suite started-at="2018-11-18T04:35:10Z" name="Suite" finished-at="2018-11-18T04:36:05Z" duration-ms="55078">
    <groups>
    </groups>
    <test started-at="2018-11-18T04:35:10Z" name="FacebookFriends" finished-at="2018-11-18T04:36:05Z" duration-ms="55078">
      <class name="academy.FaceBookPrintFriends">
        <test-method is-config="true" signature="openUrl1()[pri:0, instance:academy.FaceBookPrintFriends@1bc715b8]" started-at="2018-11-18T04:35:10Z" name="openUrl1" finished-at="2018-11-18T04:35:18Z" duration-ms="7929" status="PASS">
          <reporter-output>
          </reporter-output>
        </test-method> <!-- openUrl1 -->
        <test-method signature="login(java.lang.String, java.lang.String)[pri:0, instance:academy.FaceBookPrintFriends@1bc715b8]" started-at="2018-11-18T04:35:18Z" name="login" finished-at="2018-11-18T04:35:32Z" duration-ms="14229" status="PASS">
          <params>
            <param index="0">
              <value>
                <![CDATA[anumanthunitt@gmail.com]]>
              </value>
            </param>
            <param index="1">
              <value>
                <![CDATA[sandhya.143]]>
              </value>
            </param>
          </params>
          <reporter-output>
          </reporter-output>
        </test-method> <!-- login -->
        <test-method is-config="true" signature="tearDown()[pri:0, instance:academy.FaceBookPrintFriends@1bc715b8]" started-at="2018-11-18T04:35:32Z" name="tearDown" finished-at="2018-11-18T04:35:34Z" duration-ms="2088" status="PASS">
          <reporter-output>
          </reporter-output>
        </test-method> <!-- tearDown -->
        <test-method is-config="true" signature="openUrl1()[pri:0, instance:academy.FaceBookPrintFriends@1bc715b8]" started-at="2018-11-18T04:35:34Z" name="openUrl1" finished-at="2018-11-18T04:35:44Z" duration-ms="9454" status="PASS">
          <reporter-output>
          </reporter-output>
        </test-method> <!-- openUrl1 -->
        <test-method signature="printFriendsList(java.lang.String, java.lang.String)[pri:0, instance:academy.FaceBookPrintFriends@1bc715b8]" started-at="2018-11-18T04:35:44Z" name="printFriendsList" finished-at="2018-11-18T04:36:03Z" duration-ms="18861" status="FAIL">
          <params>
            <param index="0">
              <value>
                <![CDATA[anumanthunitt@gmail.com]]>
              </value>
            </param>
            <param index="1">
              <value>
                <![CDATA[sandhya.143]]>
              </value>
            </param>
          </params>
          <exception class="org.openqa.selenium.WebDriverException">
            <message>
              <![CDATA[unknown error: Element <a accesskey="2" data-gt="{&quot;chrome_nav_item&quot;:&quot;timeline_chrome&quot;}" class="_2s25 _606w" href="https://www.facebook.com/kindinti.anumanthu.9" title="Profile">...</a> is not clickable at point (805, 21). Other element would receive the click: <div class="_3ixn"></div>
  (Session info: chrome=70.0.3538.77)
  (Driver info: chromedriver=2.38.552522 (437e6fbedfa8762dec75e2c5b3ddb86763dc9dcb),platform=Windows NT 10.0.15063 x86_64) (WARNING: The server did not provide any stacktrace information)
Command duration or timeout: 45 milliseconds
Build info: version: '3.4.0', revision: 'unknown', time: 'unknown'
System info: host: 'IN2-1018546LT1', ip: '192.168.1.3', os.name: 'Windows 10', os.arch: 'amd64', os.version: '10.0', java.version: '9.0.4'
Driver info: org.openqa.selenium.chrome.ChromeDriver
Capabilities [{applicationCacheEnabled=false, rotatable=false, mobileEmulationEnabled=false, networkConnectionEnabled=false, chrome={chromedriverVersion=2.38.552522 (437e6fbedfa8762dec75e2c5b3ddb86763dc9dcb), userDataDir=C:\Users\1018546\AppData\Local\Temp\scoped_dir16064_2235}, takesHeapSnapshot=true, pageLoadStrategy=normal, databaseEnabled=false, handlesAlerts=true, hasTouchScreen=false, version=70.0.3538.77, platform=XP, browserConnectionEnabled=false, nativeEvents=true, acceptSslCerts=false, acceptInsecureCerts=false, locationContextEnabled=true, webStorageEnabled=true, browserName=chrome, takesScreenshot=true, javascriptEnabled=true, cssSelectorsEnabled=true, setWindowRect=true, unexpectedAlertBehaviour=}]
Session ID: ed191dad0f95fdab13c18aae99787064]]>
            </message>
            <full-stacktrace>
              <![CDATA[org.openqa.selenium.WebDriverException: unknown error: Element <a accesskey="2" data-gt="{&quot;chrome_nav_item&quot;:&quot;timeline_chrome&quot;}" class="_2s25 _606w" href="https://www.facebook.com/kindinti.anumanthu.9" title="Profile">...</a> is not clickable at point (805, 21). Other element would receive the click: <div class="_3ixn"></div>
  (Session info: chrome=70.0.3538.77)
  (Driver info: chromedriver=2.38.552522 (437e6fbedfa8762dec75e2c5b3ddb86763dc9dcb),platform=Windows NT 10.0.15063 x86_64) (WARNING: The server did not provide any stacktrace information)
Command duration or timeout: 45 milliseconds
Build info: version: '3.4.0', revision: 'unknown', time: 'unknown'
System info: host: 'IN2-1018546LT1', ip: '192.168.1.3', os.name: 'Windows 10', os.arch: 'amd64', os.version: '10.0', java.version: '9.0.4'
Driver info: org.openqa.selenium.chrome.ChromeDriver
Capabilities [{applicationCacheEnabled=false, rotatable=false, mobileEmulationEnabled=false, networkConnectionEnabled=false, chrome={chromedriverVersion=2.38.552522 (437e6fbedfa8762dec75e2c5b3ddb86763dc9dcb), userDataDir=C:\Users\1018546\AppData\Local\Temp\scoped_dir16064_2235}, takesHeapSnapshot=true, pageLoadStrategy=normal, databaseEnabled=false, handlesAlerts=true, hasTouchScreen=false, version=70.0.3538.77, platform=XP, browserConnectionEnabled=false, nativeEvents=true, acceptSslCerts=false, acceptInsecureCerts=false, locationContextEnabled=true, webStorageEnabled=true, browserName=chrome, takesScreenshot=true, javascriptEnabled=true, cssSelectorsEnabled=true, setWindowRect=true, unexpectedAlertBehaviour=}]
Session ID: ed191dad0f95fdab13c18aae99787064
at java.base/jdk.internal.reflect.NativeConstructorAccessorImpl.newInstance0(Native Method)
at java.base/jdk.internal.reflect.NativeConstructorAccessorImpl.newInstance(Unknown Source)
at java.base/jdk.internal.reflect.DelegatingConstructorAccessorImpl.newInstance(Unknown Source)
at java.base/java.lang.reflect.Constructor.newInstance(Unknown Source)
at org.openqa.selenium.remote.ErrorHandler.createThrowable(ErrorHandler.java:215)
at org.openqa.selenium.remote.ErrorHandler.throwIfResponseFailed(ErrorHandler.java:167)
at org.openqa.selenium.remote.RemoteWebDriver.execute(RemoteWebDriver.java:671)
at org.openqa.selenium.remote.RemoteWebElement.execute(RemoteWebElement.java:272)
at org.openqa.selenium.remote.RemoteWebElement.click(RemoteWebElement.java:82)
at academy.FaceBookPrintFriends.printFriendsList(FaceBookPrintFriends.java:102)
at java.base/jdk.internal.reflect.NativeMethodAccessorImpl.invoke0(Native Method)
at java.base/jdk.internal.reflect.NativeMethodAccessorImpl.invoke(Unknown Source)
at java.base/jdk.internal.reflect.DelegatingMethodAccessorImpl.invoke(Unknown Source)
at java.base/java.lang.reflect.Method.invoke(Unknown Source)
at org.testng.internal.MethodInvocationHelper.invokeMethod(MethodInvocationHelper.java:124)
at org.testng.internal.Invoker.invokeMethod(Invoker.java:583)
at org.testng.internal.Invoker.invokeTestMethod(Invoker.java:719)
at org.testng.internal.Invoker.invokeTestMethods(Invoker.java:989)
at org.testng.internal.TestMethodWorker.invokeTestMethods(TestMethodWorker.java:125)
at org.testng.internal.TestMethodWorker.run(TestMethodWorker.java:109)
at org.testng.TestRunner.privateRun(TestRunner.java:648)
at org.testng.TestRunner.run(TestRunner.java:505)
at org.testng.SuiteRunner.runTest(SuiteRunner.java:455)
at org.testng.SuiteRunner.runSequentially(SuiteRunner.java:450)
at org.testng.SuiteRunner.privateRun(SuiteRunner.java:415)
at org.testng.SuiteRunner.run(SuiteRunner.java:364)
at org.testng.SuiteRunnerWorker.runSuite(SuiteRunnerWorker.java:52)
at org.testng.SuiteRunnerWorker.run(SuiteRunnerWorker.java:84)
at org.testng.TestNG.runSuitesSequentially(TestNG.java:1208)
at org.testng.TestNG.runSuitesLocally(TestNG.java:1137)
at org.testng.TestNG.runSuites(TestNG.java:1049)
at org.testng.TestNG.run(TestNG.java:1017)
at org.testng.remote.AbstractRemoteTestNG.run(AbstractRemoteTestNG.java:114)
at org.testng.remote.RemoteTestNG.initAndRun(RemoteTestNG.java:251)
at org.testng.remote.RemoteTestNG.main(RemoteTestNG.java:77)
]]>
            </full-stacktrace>
          </exception> <!-- org.openqa.selenium.WebDriverException -->
          <reporter-output>
          </reporter-output>
        </test-method> <!-- printFriendsList -->
        <test-method is-config="true" signature="tearDown()[pri:0, instance:academy.FaceBookPrintFriends@1bc715b8]" started-at="2018-11-18T04:36:03Z" name="tearDown" finished-at="2018-11-18T04:36:05Z" duration-ms="2079" status="PASS">
          <reporter-output>
          </reporter-output>
        </test-method> <!-- tearDown -->
      </class> <!-- academy.FaceBookPrintFriends -->
    </test> <!-- FacebookFriends -->
  </suite> <!-- Suite -->
</testng-results>
