<?xml version="1.0" encoding="UTF-8"?>
<testng-results total="1" passed="1" failed="0" skipped="0">
  <reporter-output>
  </reporter-output>
  <suite started-at="2018-08-24T14:42:08Z" name="Default suite" finished-at="2018-08-24T14:42:50Z" duration-ms="42117">
    <groups>
    </groups>
    <test started-at="2018-08-24T14:42:08Z" name="Default test" finished-at="2018-08-24T14:42:50Z" duration-ms="42117">
      <class name="academy.Registration">
        <test-method is-config="true" signature="openUrl()[pri:0, instance:academy.Registration@4c309d4d]" started-at="2018-08-24T20:12:08Z" name="openUrl" finished-at="2018-08-24T20:12:38Z" duration-ms="29922" status="PASS">
          <reporter-output>
          </reporter-output>
        </test-method> <!-- openUrl -->
        <test-method signature="register(java.lang.String, java.lang.String, java.lang.String)[pri:0, instance:academy.Registration@4c309d4d]" started-at="2018-08-24T20:12:38Z" name="register" data-provider="getdata" finished-at="2018-08-24T20:12:50Z" duration-ms="12169" status="PASS">
          <params>
            <param index="0">
              <value>
                <![CDATA[Anumanthu]]>
              </value>
            </param>
            <param index="1">
              <value>
                <![CDATA[nandinikindinti@gmail.com]]>
              </value>
            </param>
            <param index="2">
              <value>
                <![CDATA[Divya@143]]>
              </value>
            </param>
          </params>
          <reporter-output>
          </reporter-output>
        </test-method> <!-- register -->
      </class> <!-- academy.Registration -->
    </test> <!-- Default test -->
  </suite> <!-- Default suite -->
</testng-results>
